Arguments: 
  C:\Program Files\nodejs\node.exe C:\Program Files (x86)\Yarn\bin\yarn.js add @arunoda/github-cms markdown-to-jsx

PATH: 
  C:\Program Files\Git\mingw64\bin;C:\Program Files\Git\usr\bin;C:\Users\Capor\bin;C:\Users\Capor\bin;C:\Program Files\Git\mingw64\bin;C:\Program Files\Git\usr\local\bin;C:\Program Files\Git\usr\bin;C:\Program Files\Git\usr\bin;C:\Program Files\Git\mingw64\bin;C:\Program Files\Git\usr\bin;C:\Users\Capor\bin;C:\windows\system32;C:\windows;C:\windows\System32\Wbem;C:\windows\System32\WindowsPowerShell\v1.0;C:\windows\System32\OpenSSH;C:\ProgramData\chocolatey\bin;C:\Program Files\dotnet;C:\Program Files\Microsoft SQL Server\130\Tools\Binn;C:\Program Files\Microsoft SQL Server\Client SDK\ODBC\170\Tools\Binn;C:\Program Files (x86)\Brackets\command;C:\Program Files\Git\cmd;C:\Program Files (x86)\Yarn\bin;C:\Program Files\nodejs;C:\Program Files\Amazon\AWSCLIV2;C:\Users\Capor\bi;C:\Windows\System32";C:\Users\Capor\AppData\Local\Microsoft\WindowsApps;C:\Users\Capor\AppData\Local\Programs\Microsoft VS Code\bin;C:\Users\Capor\AppData\Local\hyper\app-3.0.2\resources\bin;C:\Users\Capor\AppData\Local\atom\bin;C:\Exercism;C:\Program Files\heroku\bin;C:\Users\Capor\AppData\Local\Yarn\bin;C:\Program Files (x86)\GitHub CLI;C:\Users\Capor\AppData\Roaming\npm;C:\Program Files\Git\usr\bin\vendor_perl;C:\Program Files\Git\usr\bin\core_perl

Yarn version: 
  1.22.5

Node version: 
  14.15.0

Platform: 
  win32 x64

Trace: 
  Error: https://registry.yarnpkg.com/@arunoda%2fgithub-cms: Not found
      at Request.params.callback [as _callback] (C:\Program Files (x86)\Yarn\lib\cli.js:66097:18)
      at Request.self.callback (C:\Program Files (x86)\Yarn\lib\cli.js:140749:22)
      at Request.emit (events.js:315:20)
      at Request.<anonymous> (C:\Program Files (x86)\Yarn\lib\cli.js:141721:10)
      at Request.emit (events.js:315:20)
      at IncomingMessage.<anonymous> (C:\Program Files (x86)\Yarn\lib\cli.js:141643:12)
      at Object.onceWrapper (events.js:421:28)
      at IncomingMessage.emit (events.js:327:22)
      at endReadableNT (_stream_readable.js:1327:12)
      at processTicksAndRejections (internal/process/task_queues.js:80:21)

npm manifest: 
  {
    "name": "bulletproof-next-app",
    "version": "1.0.0",
    "scripts": {
      "dev": "next -p 3009",
      "build": "next build",
      "start": "next start -p 3009",
      "lint": "standard"
    },
    "repository": {
      "type": "git",
      "url": "git+https://github.com/oaluna/btp-next-app-data"
    },
    "author": "Oscar Armando Luna <https://lunawebdev.com>",
    "license": "MIT",
    "bugs": {
      "url": "https://github.com/oaluna/btp-next-app-data/issues"
    },
    "homepage": "https://github.com/oaluna/btp-next-app-data#readme",
    "dependencies": {
      "ms": "^2.1.2",
      "next": "9.5.2",
      "react": "^16.13.1",
      "react-dom": "^16.13.1"
    },
    "devDependencies": {
      "standard": "^14.3.4"
    }
  }

yarn manifest: 
  No manifest

Lockfile: 
  No lockfile
